============================= test session starts =============================
platform win32 -- Python 3.13.11, pytest-9.0.2, pluggy-1.6.0
rootdir: C:\Users\Lenovo\Desktop\Blog_Studio
configfile: pytest.ini
plugins: anyio-4.13.0, base-url-2.1.0, playwright-0.7.2
collected 5 items

tests\test_integration.py F.EF.                                          [100%]

=================================== ERRORS ====================================
____________________ ERROR at setup of test_login_success _____________________
tests\conftest.py:52: in seeded_user
    user = User(
.venv\Lib\site-packages\sqlalchemy\orm\state.py:596: in _initialize_instance
    with util.safe_reraise():
         ^^^^^^^^^^^^^^^^^^^
.venv\Lib\site-packages\sqlalchemy\util\langhelpers.py:121: in __exit__
    raise exc_value.with_traceback(exc_tb)
.venv\Lib\site-packages\sqlalchemy\orm\state.py:594: in _initialize_instance
    manager.original_init(*mixed[1:], **kwargs)
.venv\Lib\site-packages\sqlalchemy\orm\decl_base.py:2179: in _declarative_constructor
    raise TypeError(
E   TypeError: 'hashed_password' is an invalid keyword argument for User
---------------------------- Captured stderr setup ----------------------------
INFO:sqlalchemy.engine.Engine:BEGIN (implicit)
INFO:sqlalchemy.engine.Engine:PRAGMA main.table_info("users")
INFO:sqlalchemy.engine.Engine:[raw sql] ()
DEBUG:sqlalchemy.engine.Engine:Col ('cid', 'name', 'type', 'notnull', 'dflt_value', 'pk')
INFO:sqlalchemy.engine.Engine:PRAGMA temp.table_info("users")
INFO:sqlalchemy.engine.Engine:[raw sql] ()
DEBUG:sqlalchemy.engine.Engine:Col ('cid', 'name', 'type', 'notnull', 'dflt_value', 'pk')
INFO:sqlalchemy.engine.Engine:PRAGMA main.table_info("posts")
INFO:sqlalchemy.engine.Engine:[raw sql] ()
DEBUG:sqlalchemy.engine.Engine:Col ('cid', 'name', 'type', 'notnull', 'dflt_value', 'pk')
INFO:sqlalchemy.engine.Engine:PRAGMA temp.table_info("posts")
INFO:sqlalchemy.engine.Engine:[raw sql] ()
DEBUG:sqlalchemy.engine.Engine:Col ('cid', 'name', 'type', 'notnull', 'dflt_value', 'pk')
INFO:sqlalchemy.engine.Engine:PRAGMA main.table_info("comments")
INFO:sqlalchemy.engine.Engine:[raw sql] ()
DEBUG:sqlalchemy.engine.Engine:Col ('cid', 'name', 'type', 'notnull', 'dflt_value', 'pk')
INFO:sqlalchemy.engine.Engine:PRAGMA temp.table_info("comments")
INFO:sqlalchemy.engine.Engine:[raw sql] ()
DEBUG:sqlalchemy.engine.Engine:Col ('cid', 'name', 'type', 'notnull', 'dflt_value', 'pk')
INFO:sqlalchemy.engine.Engine:PRAGMA main.table_info("password_reset_tokens")
INFO:sqlalchemy.engine.Engine:[raw sql] ()
DEBUG:sqlalchemy.engine.Engine:Col ('cid', 'name', 'type', 'notnull', 'dflt_value', 'pk')
INFO:sqlalchemy.engine.Engine:PRAGMA temp.table_info("password_reset_tokens")
INFO:sqlalchemy.engine.Engine:[raw sql] ()
DEBUG:sqlalchemy.engine.Engine:Col ('cid', 'name', 'type', 'notnull', 'dflt_value', 'pk')
INFO:sqlalchemy.engine.Engine:
CREATE TABLE users (
	id INTEGER NOT NULL, 
	username VARCHAR(50) NOT NULL, 
	email VARCHAR(120) NOT NULL, 
	password_hash VARCHAR(200) NOT NULL, 
	image_file VARCHAR(200), 
	PRIMARY KEY (id), 
	UNIQUE (username), 
	UNIQUE (email)
)


INFO:sqlalchemy.engine.Engine:[no key 0.00009s] ()
INFO:sqlalchemy.engine.Engine:CREATE INDEX ix_users_id ON users (id)
INFO:sqlalchemy.engine.Engine:[no key 0.00028s] ()
INFO:sqlalchemy.engine.Engine:
CREATE TABLE posts (
	id INTEGER NOT NULL, 
	title VARCHAR(100) NOT NULL, 
	content TEXT NOT NULL, 
	user_id INTEGER NOT NULL, 
	date_posted DATETIME NOT NULL, 
	likes INTEGER DEFAULT '0' NOT NULL, 
	upvotes INTEGER DEFAULT '0' NOT NULL, 
	downvotes INTEGER DEFAULT '0' NOT NULL, 
	media_paths JSON DEFAULT '[]' NOT NULL, 
	PRIMARY KEY (id), 
	FOREIGN KEY(user_id) REFERENCES users (id)
)


INFO:sqlalchemy.engine.Engine:[no key 0.00016s] ()
INFO:sqlalchemy.engine.Engine:CREATE INDEX ix_posts_user_id ON posts (user_id)
INFO:sqlalchemy.engine.Engine:[no key 0.00037s] ()
INFO:sqlalchemy.engine.Engine:CREATE INDEX ix_posts_id ON posts (id)
INFO:sqlalchemy.engine.Engine:[no key 0.00019s] ()
INFO:sqlalchemy.engine.Engine:
CREATE TABLE password_reset_tokens (
	id INTEGER NOT NULL, 
	user_id INTEGER NOT NULL, 
	token_hash VARCHAR(64) NOT NULL, 
	expires_at DATETIME NOT NULL, 
	created_at DATETIME NOT NULL, 
	PRIMARY KEY (id), 
	FOREIGN KEY(user_id) REFERENCES users (id), 
	UNIQUE (token_hash)
)


INFO:sqlalchemy.engine.Engine:[no key 0.00018s] ()
INFO:sqlalchemy.engine.Engine:CREATE INDEX ix_password_reset_tokens_id ON password_reset_tokens (id)
INFO:sqlalchemy.engine.Engine:[no key 0.00019s] ()
INFO:sqlalchemy.engine.Engine:
CREATE TABLE comments (
	id INTEGER NOT NULL, 
	content TEXT NOT NULL, 
	date_posted DATETIME NOT NULL, 
	post_id INTEGER NOT NULL, 
	user_id INTEGER NOT NULL, 
	parent_id INTEGER, 
	PRIMARY KEY (id), 
	FOREIGN KEY(post_id) REFERENCES posts (id) ON DELETE CASCADE, 
	FOREIGN KEY(user_id) REFERENCES users (id) ON DELETE CASCADE, 
	FOREIGN KEY(parent_id) REFERENCES comments (id) ON DELETE CASCADE
)


INFO:sqlalchemy.engine.Engine:[no key 0.00018s] ()
INFO:sqlalchemy.engine.Engine:CREATE INDEX ix_comments_parent_id ON comments (parent_id)
INFO:sqlalchemy.engine.Engine:[no key 0.00016s] ()
INFO:sqlalchemy.engine.Engine:CREATE INDEX ix_comments_id ON comments (id)
INFO:sqlalchemy.engine.Engine:[no key 0.00019s] ()
INFO:sqlalchemy.engine.Engine:CREATE INDEX ix_comments_post_id ON comments (post_id)
INFO:sqlalchemy.engine.Engine:[no key 0.00017s] ()
INFO:sqlalchemy.engine.Engine:COMMIT
----------------------------- Captured log setup ------------------------------
INFO     sqlalchemy.engine.Engine:base.py:2710 BEGIN (implicit)
INFO     sqlalchemy.engine.Engine:base.py:1846 PRAGMA main.table_info("users")
INFO     sqlalchemy.engine.Engine:base.py:1846 [raw sql] ()
DEBUG    sqlalchemy.engine.Engine:cursor.py:1549 Col ('cid', 'name', 'type', 'notnull', 'dflt_value', 'pk')
INFO     sqlalchemy.engine.Engine:base.py:1846 PRAGMA temp.table_info("users")
INFO     sqlalchemy.engine.Engine:base.py:1846 [raw sql] ()
DEBUG    sqlalchemy.engine.Engine:cursor.py:1549 Col ('cid', 'name', 'type', 'notnull', 'dflt_value', 'pk')
INFO     sqlalchemy.engine.Engine:base.py:1846 PRAGMA main.table_info("posts")
INFO     sqlalchemy.engine.Engine:base.py:1846 [raw sql] ()
DEBUG    sqlalchemy.engine.Engine:cursor.py:1549 Col ('cid', 'name', 'type', 'notnull', 'dflt_value', 'pk')
INFO     sqlalchemy.engine.Engine:base.py:1846 PRAGMA temp.table_info("posts")
INFO     sqlalchemy.engine.Engine:base.py:1846 [raw sql] ()
DEBUG    sqlalchemy.engine.Engine:cursor.py:1549 Col ('cid', 'name', 'type', 'notnull', 'dflt_value', 'pk')
INFO     sqlalchemy.engine.Engine:base.py:1846 PRAGMA main.table_info("comments")
INFO     sqlalchemy.engine.Engine:base.py:1846 [raw sql] ()
DEBUG    sqlalchemy.engine.Engine:cursor.py:1549 Col ('cid', 'name', 'type', 'notnull', 'dflt_value', 'pk')
INFO     sqlalchemy.engine.Engine:base.py:1846 PRAGMA temp.table_info("comments")
INFO     sqlalchemy.engine.Engine:base.py:1846 [raw sql] ()
DEBUG    sqlalchemy.engine.Engine:cursor.py:1549 Col ('cid', 'name', 'type', 'notnull', 'dflt_value', 'pk')
INFO     sqlalchemy.engine.Engine:base.py:1846 PRAGMA main.table_info("password_reset_tokens")
INFO     sqlalchemy.engine.Engine:base.py:1846 [raw sql] ()
DEBUG    sqlalchemy.engine.Engine:cursor.py:1549 Col ('cid', 'name', 'type', 'notnull', 'dflt_value', 'pk')
INFO     sqlalchemy.engine.Engine:base.py:1846 PRAGMA temp.table_info("password_reset_tokens")
INFO     sqlalchemy.engine.Engine:base.py:1846 [raw sql] ()
DEBUG    sqlalchemy.engine.Engine:cursor.py:1549 Col ('cid', 'name', 'type', 'notnull', 'dflt_value', 'pk')
INFO     sqlalchemy.engine.Engine:base.py:1846 
CREATE TABLE users (
	id INTEGER NOT NULL, 
	username VARCHAR(50) NOT NULL, 
	email VARCHAR(120) NOT NULL, 
	password_hash VARCHAR(200) NOT NULL, 
	image_file VARCHAR(200), 
	PRIMARY KEY (id), 
	UNIQUE (username), 
	UNIQUE (email)
)


INFO     sqlalchemy.engine.Engine:base.py:1846 [no key 0.00009s] ()
INFO     sqlalchemy.engine.Engine:base.py:1846 CREATE INDEX ix_users_id ON users (id)
INFO     sqlalchemy.engine.Engine:base.py:1846 [no key 0.00028s] ()
INFO     sqlalchemy.engine.Engine:base.py:1846 
CREATE TABLE posts (
	id INTEGER NOT NULL, 
	title VARCHAR(100) NOT NULL, 
	content TEXT NOT NULL, 
	user_id INTEGER NOT NULL, 
	date_posted DATETIME NOT NULL, 
	likes INTEGER DEFAULT '0' NOT NULL, 
	upvotes INTEGER DEFAULT '0' NOT NULL, 
	downvotes INTEGER DEFAULT '0' NOT NULL, 
	media_paths JSON DEFAULT '[]' NOT NULL, 
	PRIMARY KEY (id), 
	FOREIGN KEY(user_id) REFERENCES users (id)
)


INFO     sqlalchemy.engine.Engine:base.py:1846 [no key 0.00016s] ()
INFO     sqlalchemy.engine.Engine:base.py:1846 CREATE INDEX ix_posts_user_id ON posts (user_id)
INFO     sqlalchemy.engine.Engine:base.py:1846 [no key 0.00037s] ()
INFO     sqlalchemy.engine.Engine:base.py:1846 CREATE INDEX ix_posts_id ON posts (id)
INFO     sqlalchemy.engine.Engine:base.py:1846 [no key 0.00019s] ()
INFO     sqlalchemy.engine.Engine:base.py:1846 
CREATE TABLE password_reset_tokens (
	id INTEGER NOT NULL, 
	user_id INTEGER NOT NULL, 
	token_hash VARCHAR(64) NOT NULL, 
	expires_at DATETIME NOT NULL, 
	created_at DATETIME NOT NULL, 
	PRIMARY KEY (id), 
	FOREIGN KEY(user_id) REFERENCES users (id), 
	UNIQUE (token_hash)
)


INFO     sqlalchemy.engine.Engine:base.py:1846 [no key 0.00018s] ()
INFO     sqlalchemy.engine.Engine:base.py:1846 CREATE INDEX ix_password_reset_tokens_id ON password_reset_tokens (id)
INFO     sqlalchemy.engine.Engine:base.py:1846 [no key 0.00019s] ()
INFO     sqlalchemy.engine.Engine:base.py:1846 
CREATE TABLE comments (
	id INTEGER NOT NULL, 
	content TEXT NOT NULL, 
	date_posted DATETIME NOT NULL, 
	post_id INTEGER NOT NULL, 
	user_id INTEGER NOT NULL, 
	parent_id INTEGER, 
	PRIMARY KEY (id), 
	FOREIGN KEY(post_id) REFERENCES posts (id) ON DELETE CASCADE, 
	FOREIGN KEY(user_id) REFERENCES users (id) ON DELETE CASCADE, 
	FOREIGN KEY(parent_id) REFERENCES comments (id) ON DELETE CASCADE
)


INFO     sqlalchemy.engine.Engine:base.py:1846 [no key 0.00018s] ()
INFO     sqlalchemy.engine.Engine:base.py:1846 CREATE INDEX ix_comments_parent_id ON comments (parent_id)
INFO     sqlalchemy.engine.Engine:base.py:1846 [no key 0.00016s] ()
INFO     sqlalchemy.engine.Engine:base.py:1846 CREATE INDEX ix_comments_id ON comments (id)
INFO     sqlalchemy.engine.Engine:base.py:1846 [no key 0.00019s] ()
INFO     sqlalchemy.engine.Engine:base.py:1846 CREATE INDEX ix_comments_post_id ON comments (post_id)
INFO     sqlalchemy.engine.Engine:base.py:1846 [no key 0.00017s] ()
INFO     sqlalchemy.engine.Engine:base.py:2716 COMMIT
================================== FAILURES ===================================
____________________________ test_homepage_renders ____________________________
tests\test_integration.py:11: in test_homepage_renders
    assert response.status_code == 200
E   assert 500 == 200
E    +  where 500 = <Response [500 Internal Server Error]>.status_code
---------------------------- Captured stderr setup ----------------------------
INFO:sqlalchemy.engine.Engine:BEGIN (implicit)
INFO:sqlalchemy.engine.Engine:PRAGMA main.table_info("users")
INFO:sqlalchemy.engine.Engine:[raw sql] ()
DEBUG:sqlalchemy.engine.Engine:Col ('cid', 'name', 'type', 'notnull', 'dflt_value', 'pk')
INFO:sqlalchemy.engine.Engine:PRAGMA temp.table_info("users")
INFO:sqlalchemy.engine.Engine:[raw sql] ()
DEBUG:sqlalchemy.engine.Engine:Col ('cid', 'name', 'type', 'notnull', 'dflt_value', 'pk')
INFO:sqlalchemy.engine.Engine:PRAGMA main.table_info("posts")
INFO:sqlalchemy.engine.Engine:[raw sql] ()
DEBUG:sqlalchemy.engine.Engine:Col ('cid', 'name', 'type', 'notnull', 'dflt_value', 'pk')
INFO:sqlalchemy.engine.Engine:PRAGMA temp.table_info("posts")
INFO:sqlalchemy.engine.Engine:[raw sql] ()
DEBUG:sqlalchemy.engine.Engine:Col ('cid', 'name', 'type', 'notnull', 'dflt_value', 'pk')
INFO:sqlalchemy.engine.Engine:PRAGMA main.table_info("comments")
INFO:sqlalchemy.engine.Engine:[raw sql] ()
DEBUG:sqlalchemy.engine.Engine:Col ('cid', 'name', 'type', 'notnull', 'dflt_value', 'pk')
INFO:sqlalchemy.engine.Engine:PRAGMA temp.table_info("comments")
INFO:sqlalchemy.engine.Engine:[raw sql] ()
DEBUG:sqlalchemy.engine.Engine:Col ('cid', 'name', 'type', 'notnull', 'dflt_value', 'pk')
INFO:sqlalchemy.engine.Engine:PRAGMA main.table_info("password_reset_tokens")
INFO:sqlalchemy.engine.Engine:[raw sql] ()
DEBUG:sqlalchemy.engine.Engine:Col ('cid', 'name', 'type', 'notnull', 'dflt_value', 'pk')
INFO:sqlalchemy.engine.Engine:PRAGMA temp.table_info("password_reset_tokens")
INFO:sqlalchemy.engine.Engine:[raw sql] ()
DEBUG:sqlalchemy.engine.Engine:Col ('cid', 'name', 'type', 'notnull', 'dflt_value', 'pk')
INFO:sqlalchemy.engine.Engine:
CREATE TABLE users (
	id INTEGER NOT NULL, 
	username VARCHAR(50) NOT NULL, 
	email VARCHAR(120) NOT NULL, 
	password_hash VARCHAR(200) NOT NULL, 
	image_file VARCHAR(200), 
	PRIMARY KEY (id), 
	UNIQUE (username), 
	UNIQUE (email)
)


INFO:sqlalchemy.engine.Engine:[no key 0.00011s] ()
INFO:sqlalchemy.engine.Engine:CREATE INDEX ix_users_id ON users (id)
INFO:sqlalchemy.engine.Engine:[no key 0.00033s] ()
INFO:sqlalchemy.engine.Engine:
CREATE TABLE posts (
	id INTEGER NOT NULL, 
	title VARCHAR(100) NOT NULL, 
	content TEXT NOT NULL, 
	user_id INTEGER NOT NULL, 
	date_posted DATETIME NOT NULL, 
	likes INTEGER DEFAULT '0' NOT NULL, 
	upvotes INTEGER DEFAULT '0' NOT NULL, 
	downvotes INTEGER DEFAULT '0' NOT NULL, 
	media_paths JSON DEFAULT '[]' NOT NULL, 
	PRIMARY KEY (id), 
	FOREIGN KEY(user_id) REFERENCES users (id)
)


INFO:sqlalchemy.engine.Engine:[no key 0.00019s] ()
INFO:sqlalchemy.engine.Engine:CREATE INDEX ix_posts_user_id ON posts (user_id)
INFO:sqlalchemy.engine.Engine:[no key 0.00018s] ()
INFO:sqlalchemy.engine.Engine:CREATE INDEX ix_posts_id ON posts (id)
INFO:sqlalchemy.engine.Engine:[no key 0.00026s] ()
INFO:sqlalchemy.engine.Engine:
CREATE TABLE password_reset_tokens (
	id INTEGER NOT NULL, 
	user_id INTEGER NOT NULL, 
	token_hash VARCHAR(64) NOT NULL, 
	expires_at DATETIME NOT NULL, 
	created_at DATETIME NOT NULL, 
	PRIMARY KEY (id), 
	FOREIGN KEY(user_id) REFERENCES users (id), 
	UNIQUE (token_hash)
)


INFO:sqlalchemy.engine.Engine:[no key 0.00019s] ()
INFO:sqlalchemy.engine.Engine:CREATE INDEX ix_password_reset_tokens_id ON password_reset_tokens (id)
INFO:sqlalchemy.engine.Engine:[no key 0.00019s] ()
INFO:sqlalchemy.engine.Engine:
CREATE TABLE comments (
	id INTEGER NOT NULL, 
	content TEXT NOT NULL, 
	date_posted DATETIME NOT NULL, 
	post_id INTEGER NOT NULL, 
	user_id INTEGER NOT NULL, 
	parent_id INTEGER, 
	PRIMARY KEY (id), 
	FOREIGN KEY(post_id) REFERENCES posts (id) ON DELETE CASCADE, 
	FOREIGN KEY(user_id) REFERENCES users (id) ON DELETE CASCADE, 
	FOREIGN KEY(parent_id) REFERENCES comments (id) ON DELETE CASCADE
)


INFO:sqlalchemy.engine.Engine:[no key 0.00019s] ()
INFO:sqlalchemy.engine.Engine:CREATE INDEX ix_comments_parent_id ON comments (parent_id)
INFO:sqlalchemy.engine.Engine:[no key 0.00019s] ()
INFO:sqlalchemy.engine.Engine:CREATE INDEX ix_comments_id ON comments (id)
INFO:sqlalchemy.engine.Engine:[no key 0.00016s] ()
INFO:sqlalchemy.engine.Engine:CREATE INDEX ix_comments_post_id ON comments (post_id)
INFO:sqlalchemy.engine.Engine:[no key 0.00025s] ()
INFO:sqlalchemy.engine.Engine:COMMIT
----------------------------- Captured log setup ------------------------------
INFO     sqlalchemy.engine.Engine:base.py:2710 BEGIN (implicit)
INFO     sqlalchemy.engine.Engine:base.py:1846 PRAGMA main.table_info("users")
INFO     sqlalchemy.engine.Engine:base.py:1846 [raw sql] ()
DEBUG    sqlalchemy.engine.Engine:cursor.py:1549 Col ('cid', 'name', 'type', 'notnull', 'dflt_value', 'pk')
INFO     sqlalchemy.engine.Engine:base.py:1846 PRAGMA temp.table_info("users")
INFO     sqlalchemy.engine.Engine:base.py:1846 [raw sql] ()
DEBUG    sqlalchemy.engine.Engine:cursor.py:1549 Col ('cid', 'name', 'type', 'notnull', 'dflt_value', 'pk')
INFO     sqlalchemy.engine.Engine:base.py:1846 PRAGMA main.table_info("posts")
INFO     sqlalchemy.engine.Engine:base.py:1846 [raw sql] ()
DEBUG    sqlalchemy.engine.Engine:cursor.py:1549 Col ('cid', 'name', 'type', 'notnull', 'dflt_value', 'pk')
INFO     sqlalchemy.engine.Engine:base.py:1846 PRAGMA temp.table_info("posts")
INFO     sqlalchemy.engine.Engine:base.py:1846 [raw sql] ()
DEBUG    sqlalchemy.engine.Engine:cursor.py:1549 Col ('cid', 'name', 'type', 'notnull', 'dflt_value', 'pk')
INFO     sqlalchemy.engine.Engine:base.py:1846 PRAGMA main.table_info("comments")
INFO     sqlalchemy.engine.Engine:base.py:1846 [raw sql] ()
DEBUG    sqlalchemy.engine.Engine:cursor.py:1549 Col ('cid', 'name', 'type', 'notnull', 'dflt_value', 'pk')
INFO     sqlalchemy.engine.Engine:base.py:1846 PRAGMA temp.table_info("comments")
INFO     sqlalchemy.engine.Engine:base.py:1846 [raw sql] ()
DEBUG    sqlalchemy.engine.Engine:cursor.py:1549 Col ('cid', 'name', 'type', 'notnull', 'dflt_value', 'pk')
INFO     sqlalchemy.engine.Engine:base.py:1846 PRAGMA main.table_info("password_reset_tokens")
INFO     sqlalchemy.engine.Engine:base.py:1846 [raw sql] ()
DEBUG    sqlalchemy.engine.Engine:cursor.py:1549 Col ('cid', 'name', 'type', 'notnull', 'dflt_value', 'pk')
INFO     sqlalchemy.engine.Engine:base.py:1846 PRAGMA temp.table_info("password_reset_tokens")
INFO     sqlalchemy.engine.Engine:base.py:1846 [raw sql] ()
DEBUG    sqlalchemy.engine.Engine:cursor.py:1549 Col ('cid', 'name', 'type', 'notnull', 'dflt_value', 'pk')
INFO     sqlalchemy.engine.Engine:base.py:1846 
CREATE TABLE users (
	id INTEGER NOT NULL, 
	username VARCHAR(50) NOT NULL, 
	email VARCHAR(120) NOT NULL, 
	password_hash VARCHAR(200) NOT NULL, 
	image_file VARCHAR(200), 
	PRIMARY KEY (id), 
	UNIQUE (username), 
	UNIQUE (email)
)


INFO     sqlalchemy.engine.Engine:base.py:1846 [no key 0.00011s] ()
INFO     sqlalchemy.engine.Engine:base.py:1846 CREATE INDEX ix_users_id ON users (id)
INFO     sqlalchemy.engine.Engine:base.py:1846 [no key 0.00033s] ()
INFO     sqlalchemy.engine.Engine:base.py:1846 
CREATE TABLE posts (
	id INTEGER NOT NULL, 
	title VARCHAR(100) NOT NULL, 
	content TEXT NOT NULL, 
	user_id INTEGER NOT NULL, 
	date_posted DATETIME NOT NULL, 
	likes INTEGER DEFAULT '0' NOT NULL, 
	upvotes INTEGER DEFAULT '0' NOT NULL, 
	downvotes INTEGER DEFAULT '0' NOT NULL, 
	media_paths JSON DEFAULT '[]' NOT NULL, 
	PRIMARY KEY (id), 
	FOREIGN KEY(user_id) REFERENCES users (id)
)


INFO     sqlalchemy.engine.Engine:base.py:1846 [no key 0.00019s] ()
INFO     sqlalchemy.engine.Engine:base.py:1846 CREATE INDEX ix_posts_user_id ON posts (user_id)
INFO     sqlalchemy.engine.Engine:base.py:1846 [no key 0.00018s] ()
INFO     sqlalchemy.engine.Engine:base.py:1846 CREATE INDEX ix_posts_id ON posts (id)
INFO     sqlalchemy.engine.Engine:base.py:1846 [no key 0.00026s] ()
INFO     sqlalchemy.engine.Engine:base.py:1846 
CREATE TABLE password_reset_tokens (
	id INTEGER NOT NULL, 
	user_id INTEGER NOT NULL, 
	token_hash VARCHAR(64) NOT NULL, 
	expires_at DATETIME NOT NULL, 
	created_at DATETIME NOT NULL, 
	PRIMARY KEY (id), 
	FOREIGN KEY(user_id) REFERENCES users (id), 
	UNIQUE (token_hash)
)


INFO     sqlalchemy.engine.Engine:base.py:1846 [no key 0.00019s] ()
INFO     sqlalchemy.engine.Engine:base.py:1846 CREATE INDEX ix_password_reset_tokens_id ON password_reset_tokens (id)
INFO     sqlalchemy.engine.Engine:base.py:1846 [no key 0.00019s] ()
INFO     sqlalchemy.engine.Engine:base.py:1846 
CREATE TABLE comments (
	id INTEGER NOT NULL, 
	content TEXT NOT NULL, 
	date_posted DATETIME NOT NULL, 
	post_id INTEGER NOT NULL, 
	user_id INTEGER NOT NULL, 
	parent_id INTEGER, 
	PRIMARY KEY (id), 
	FOREIGN KEY(post_id) REFERENCES posts (id) ON DELETE CASCADE, 
	FOREIGN KEY(user_id) REFERENCES users (id) ON DELETE CASCADE, 
	FOREIGN KEY(parent_id) REFERENCES comments (id) ON DELETE CASCADE
)


INFO     sqlalchemy.engine.Engine:base.py:1846 [no key 0.00019s] ()
INFO     sqlalchemy.engine.Engine:base.py:1846 CREATE INDEX ix_comments_parent_id ON comments (parent_id)
INFO     sqlalchemy.engine.Engine:base.py:1846 [no key 0.00019s] ()
INFO     sqlalchemy.engine.Engine:base.py:1846 CREATE INDEX ix_comments_id ON comments (id)
INFO     sqlalchemy.engine.Engine:base.py:1846 [no key 0.00016s] ()
INFO     sqlalchemy.engine.Engine:base.py:1846 CREATE INDEX ix_comments_post_id ON comments (post_id)
INFO     sqlalchemy.engine.Engine:base.py:1846 [no key 0.00025s] ()
INFO     sqlalchemy.engine.Engine:base.py:2716 COMMIT
---------------------------- Captured stdout call -----------------------------
\n--- \U0001f4a5 UNHANDLED EXCEPTION \U0001f4a5 ---\nRequest URL: /\n---------------------------------\n
---------------------------- Captured stderr call -----------------------------
INFO:sqlalchemy.engine.Engine:BEGIN (implicit)
INFO:sqlalchemy.engine.Engine:SELECT count(*) AS count_1 
FROM posts
INFO:sqlalchemy.engine.Engine:[generated in 0.00016s] ()
DEBUG:sqlalchemy.engine.Engine:Col ('count_1',)
Traceback (most recent call last):
  File "C:\Users\Lenovo\Desktop\Blog_Studio\main.py", line 73, in log_server_errors
    return await call_next(request)
           ^^^^^^^^^^^^^^^^^^^^^^^^
  File "C:\Users\Lenovo\Desktop\Blog_Studio\.venv\Lib\site-packages\starlette\middleware\base.py", line 168, in call_next
    raise app_exc from app_exc.__cause__ or app_exc.__context__
  File "C:\Users\Lenovo\Desktop\Blog_Studio\.venv\Lib\site-packages\starlette\middleware\base.py", line 144, in coro
    await self.app(scope, receive_or_disconnect, send_no_error)
  File "C:\Users\Lenovo\Desktop\Blog_Studio\.venv\Lib\site-packages\starlette\middleware\exceptions.py", line 63, in __call__
    await wrap_app_handling_exceptions(self.app, conn)(scope, receive, send)
  File "C:\Users\Lenovo\Desktop\Blog_Studio\.venv\Lib\site-packages\starlette\_exception_handler.py", line 53, in wrapped_app
    raise exc
  File "C:\Users\Lenovo\Desktop\Blog_Studio\.venv\Lib\site-packages\starlette\_exception_handler.py", line 42, in wrapped_app
    await app(scope, receive, sender)
  File "C:\Users\Lenovo\Desktop\Blog_Studio\.venv\Lib\site-packages\fastapi\middleware\asyncexitstack.py", line 18, in __call__
    await self.app(scope, receive, send)
  File "C:\Users\Lenovo\Desktop\Blog_Studio\.venv\Lib\site-packages\starlette\routing.py", line 660, in __call__
    await self.middleware_stack(scope, receive, send)
  File "C:\Users\Lenovo\Desktop\Blog_Studio\.venv\Lib\site-packages\starlette\routing.py", line 680, in app
    await route.handle(scope, receive, send)
  File "C:\Users\Lenovo\Desktop\Blog_Studio\.venv\Lib\site-packages\starlette\routing.py", line 276, in handle
    await self.app(scope, receive, send)
  File "C:\Users\Lenovo\Desktop\Blog_Studio\.venv\Lib\site-packages\fastapi\routing.py", line 134, in app
    await wrap_app_handling_exceptions(app, request)(scope, receive, send)
  File "C:\Users\Lenovo\Desktop\Blog_Studio\.venv\Lib\site-packages\starlette\_exception_handler.py", line 53, in wrapped_app
    raise exc
  File "C:\Users\Lenovo\Desktop\Blog_Studio\.venv\Lib\site-packages\starlette\_exception_handler.py", line 42, in wrapped_app
    await app(scope, receive, sender)
  File "C:\Users\Lenovo\Desktop\Blog_Studio\.venv\Lib\site-packages\fastapi\routing.py", line 120, in app
    response = await f(request)
               ^^^^^^^^^^^^^^^^
  File "C:\Users\Lenovo\Desktop\Blog_Studio\.venv\Lib\site-packages\fastapi\routing.py", line 674, in app
    raw_response = await run_endpoint_function(
                   ^^^^^^^^^^^^^^^^^^^^^^^^^^^^
    ...<3 lines>...
    )
    ^
  File "C:\Users\Lenovo\Desktop\Blog_Studio\.venv\Lib\site-packages\fastapi\routing.py", line 328, in run_endpoint_function
    return await dependant.call(**values)
           ^^^^^^^^^^^^^^^^^^^^^^^^^^^^^^
  File "C:\Users\Lenovo\Desktop\Blog_Studio\main.py", line 94, in home
    count_result = await db.execute(select(func.count()).select_from(models.Post))
                   ^^^^^^^^^^^^^^^^^^^^^^^^^^^^^^^^^^^^^^^^^^^^^^^^^^^^^^^^^^^^^^^
TypeError: object ChunkedIteratorResult can't be used in 'await' expression
INFO:httpx:HTTP Request: GET http://testserver/ "HTTP/1.1 500 Internal Server Error"
------------------------------ Captured log call ------------------------------
INFO     sqlalchemy.engine.Engine:base.py:2710 BEGIN (implicit)
INFO     sqlalchemy.engine.Engine:base.py:1846 SELECT count(*) AS count_1 
FROM posts
INFO     sqlalchemy.engine.Engine:base.py:1846 [generated in 0.00016s] ()
DEBUG    sqlalchemy.engine.Engine:cursor.py:1549 Col ('count_1',)
INFO     httpx:_client.py:1025 HTTP Request: GET http://testserver/ "HTTP/1.1 500 Internal Server Error"
-------------------------- Captured stderr teardown ---------------------------
INFO:sqlalchemy.engine.Engine:ROLLBACK
INFO:sqlalchemy.engine.Engine:BEGIN (implicit)
INFO:sqlalchemy.engine.Engine:PRAGMA main.table_info("users")
INFO:sqlalchemy.engine.Engine:[raw sql] ()
DEBUG:sqlalchemy.engine.Engine:Col ('cid', 'name', 'type', 'notnull', 'dflt_value', 'pk')
DEBUG:sqlalchemy.engine.Engine:Row (0, 'id', 'INTEGER', 1, None, 1)
DEBUG:sqlalchemy.engine.Engine:Row (1, 'username', 'VARCHAR(50)', 1, None, 0)
DEBUG:sqlalchemy.engine.Engine:Row (2, 'email', 'VARCHAR(120)', 1, None, 0)
DEBUG:sqlalchemy.engine.Engine:Row (3, 'password_hash', 'VARCHAR(200)', 1, None, 0)
DEBUG:sqlalchemy.engine.Engine:Row (4, 'image_file', 'VARCHAR(200)', 0, None, 0)
INFO:sqlalchemy.engine.Engine:PRAGMA main.table_info("posts")
INFO:sqlalchemy.engine.Engine:[raw sql] ()
DEBUG:sqlalchemy.engine.Engine:Col ('cid', 'name', 'type', 'notnull', 'dflt_value', 'pk')
DEBUG:sqlalchemy.engine.Engine:Row (0, 'id', 'INTEGER', 1, None, 1)
DEBUG:sqlalchemy.engine.Engine:Row (1, 'title', 'VARCHAR(100)', 1, None, 0)
DEBUG:sqlalchemy.engine.Engine:Row (2, 'content', 'TEXT', 1, None, 0)
DEBUG:sqlalchemy.engine.Engine:Row (3, 'user_id', 'INTEGER', 1, None, 0)
DEBUG:sqlalchemy.engine.Engine:Row (4, 'date_posted', 'DATETIME', 1, None, 0)
DEBUG:sqlalchemy.engine.Engine:Row (5, 'likes', 'INTEGER', 1, "'0'", 0)
DEBUG:sqlalchemy.engine.Engine:Row (6, 'upvotes', 'INTEGER', 1, "'0'", 0)
DEBUG:sqlalchemy.engine.Engine:Row (7, 'downvotes', 'INTEGER', 1, "'0'", 0)
DEBUG:sqlalchemy.engine.Engine:Row (8, 'media_paths', 'JSON', 1, "'[]'", 0)
INFO:sqlalchemy.engine.Engine:PRAGMA main.table_info("comments")
INFO:sqlalchemy.engine.Engine:[raw sql] ()
DEBUG:sqlalchemy.engine.Engine:Col ('cid', 'name', 'type', 'notnull', 'dflt_value', 'pk')
DEBUG:sqlalchemy.engine.Engine:Row (0, 'id', 'INTEGER', 1, None, 1)
DEBUG:sqlalchemy.engine.Engine:Row (1, 'content', 'TEXT', 1, None, 0)
DEBUG:sqlalchemy.engine.Engine:Row (2, 'date_posted', 'DATETIME', 1, None, 0)
DEBUG:sqlalchemy.engine.Engine:Row (3, 'post_id', 'INTEGER', 1, None, 0)
DEBUG:sqlalchemy.engine.Engine:Row (4, 'user_id', 'INTEGER', 1, None, 0)
DEBUG:sqlalchemy.engine.Engine:Row (5, 'parent_id', 'INTEGER', 0, None, 0)
INFO:sqlalchemy.engine.Engine:PRAGMA main.table_info("password_reset_tokens")
INFO:sqlalchemy.engine.Engine:[raw sql] ()
DEBUG:sqlalchemy.engine.Engine:Col ('cid', 'name', 'type', 'notnull', 'dflt_value', 'pk')
DEBUG:sqlalchemy.engine.Engine:Row (0, 'id', 'INTEGER', 1, None, 1)
DEBUG:sqlalchemy.engine.Engine:Row (1, 'user_id', 'INTEGER', 1, None, 0)
DEBUG:sqlalchemy.engine.Engine:Row (2, 'token_hash', 'VARCHAR(64)', 1, None, 0)
DEBUG:sqlalchemy.engine.Engine:Row (3, 'expires_at', 'DATETIME', 1, None, 0)
DEBUG:sqlalchemy.engine.Engine:Row (4, 'created_at', 'DATETIME', 1, None, 0)
INFO:sqlalchemy.engine.Engine:
DROP TABLE comments
INFO:sqlalchemy.engine.Engine:[no key 0.00008s] ()
INFO:sqlalchemy.engine.Engine:
DROP TABLE password_reset_tokens
INFO:sqlalchemy.engine.Engine:[no key 0.00018s] ()
INFO:sqlalchemy.engine.Engine:
DROP TABLE posts
INFO:sqlalchemy.engine.Engine:[no key 0.00017s] ()
INFO:sqlalchemy.engine.Engine:
DROP TABLE users
INFO:sqlalchemy.engine.Engine:[no key 0.00018s] ()
INFO:sqlalchemy.engine.Engine:COMMIT
---------------------------- Captured log teardown ----------------------------
INFO     sqlalchemy.engine.Engine:base.py:2713 ROLLBACK
INFO     sqlalchemy.engine.Engine:base.py:2710 BEGIN (implicit)
INFO     sqlalchemy.engine.Engine:base.py:1846 PRAGMA main.table_info("users")
INFO     sqlalchemy.engine.Engine:base.py:1846 [raw sql] ()
DEBUG    sqlalchemy.engine.Engine:cursor.py:1549 Col ('cid', 'name', 'type', 'notnull', 'dflt_value', 'pk')
DEBUG    sqlalchemy.engine.Engine:cursor.py:1581 Row (0, 'id', 'INTEGER', 1, None, 1)
DEBUG    sqlalchemy.engine.Engine:cursor.py:1581 Row (1, 'username', 'VARCHAR(50)', 1, None, 0)
DEBUG    sqlalchemy.engine.Engine:cursor.py:1581 Row (2, 'email', 'VARCHAR(120)', 1, None, 0)
DEBUG    sqlalchemy.engine.Engine:cursor.py:1581 Row (3, 'password_hash', 'VARCHAR(200)', 1, None, 0)
DEBUG    sqlalchemy.engine.Engine:cursor.py:1581 Row (4, 'image_file', 'VARCHAR(200)', 0, None, 0)
INFO     sqlalchemy.engine.Engine:base.py:1846 PRAGMA main.table_info("posts")
INFO     sqlalchemy.engine.Engine:base.py:1846 [raw sql] ()
DEBUG    sqlalchemy.engine.Engine:cursor.py:1549 Col ('cid', 'name', 'type', 'notnull', 'dflt_value', 'pk')
DEBUG    sqlalchemy.engine.Engine:cursor.py:1581 Row (0, 'id', 'INTEGER', 1, None, 1)
DEBUG    sqlalchemy.engine.Engine:cursor.py:1581 Row (1, 'title', 'VARCHAR(100)', 1, None, 0)
DEBUG    sqlalchemy.engine.Engine:cursor.py:1581 Row (2, 'content', 'TEXT', 1, None, 0)
DEBUG    sqlalchemy.engine.Engine:cursor.py:1581 Row (3, 'user_id', 'INTEGER', 1, None, 0)
DEBUG    sqlalchemy.engine.Engine:cursor.py:1581 Row (4, 'date_posted', 'DATETIME', 1, None, 0)
DEBUG    sqlalchemy.engine.Engine:cursor.py:1581 Row (5, 'likes', 'INTEGER', 1, "'0'", 0)
DEBUG    sqlalchemy.engine.Engine:cursor.py:1581 Row (6, 'upvotes', 'INTEGER', 1, "'0'", 0)
DEBUG    sqlalchemy.engine.Engine:cursor.py:1581 Row (7, 'downvotes', 'INTEGER', 1, "'0'", 0)
DEBUG    sqlalchemy.engine.Engine:cursor.py:1581 Row (8, 'media_paths', 'JSON', 1, "'[]'", 0)
INFO     sqlalchemy.engine.Engine:base.py:1846 PRAGMA main.table_info("comments")
INFO     sqlalchemy.engine.Engine:base.py:1846 [raw sql] ()
DEBUG    sqlalchemy.engine.Engine:cursor.py:1549 Col ('cid', 'name', 'type', 'notnull', 'dflt_value', 'pk')
DEBUG    sqlalchemy.engine.Engine:cursor.py:1581 Row (0, 'id', 'INTEGER', 1, None, 1)
DEBUG    sqlalchemy.engine.Engine:cursor.py:1581 Row (1, 'content', 'TEXT', 1, None, 0)
DEBUG    sqlalchemy.engine.Engine:cursor.py:1581 Row (2, 'date_posted', 'DATETIME', 1, None, 0)
DEBUG    sqlalchemy.engine.Engine:cursor.py:1581 Row (3, 'post_id', 'INTEGER', 1, None, 0)
DEBUG    sqlalchemy.engine.Engine:cursor.py:1581 Row (4, 'user_id', 'INTEGER', 1, None, 0)
DEBUG    sqlalchemy.engine.Engine:cursor.py:1581 Row (5, 'parent_id', 'INTEGER', 0, None, 0)
INFO     sqlalchemy.engine.Engine:base.py:1846 PRAGMA main.table_info("password_reset_tokens")
INFO     sqlalchemy.engine.Engine:base.py:1846 [raw sql] ()
DEBUG    sqlalchemy.engine.Engine:cursor.py:1549 Col ('cid', 'name', 'type', 'notnull', 'dflt_value', 'pk')
DEBUG    sqlalchemy.engine.Engine:cursor.py:1581 Row (0, 'id', 'INTEGER', 1, None, 1)
DEBUG    sqlalchemy.engine.Engine:cursor.py:1581 Row (1, 'user_id', 'INTEGER', 1, None, 0)
DEBUG    sqlalchemy.engine.Engine:cursor.py:1581 Row (2, 'token_hash', 'VARCHAR(64)', 1, None, 0)
DEBUG    sqlalchemy.engine.Engine:cursor.py:1581 Row (3, 'expires_at', 'DATETIME', 1, None, 0)
DEBUG    sqlalchemy.engine.Engine:cursor.py:1581 Row (4, 'created_at', 'DATETIME', 1, None, 0)
INFO     sqlalchemy.engine.Engine:base.py:1846 
DROP TABLE comments
INFO     sqlalchemy.engine.Engine:base.py:1846 [no key 0.00008s] ()
INFO     sqlalchemy.engine.Engine:base.py:1846 
DROP TABLE password_reset_tokens
INFO     sqlalchemy.engine.Engine:base.py:1846 [no key 0.00018s] ()
INFO     sqlalchemy.engine.Engine:base.py:1846 
DROP TABLE posts
INFO     sqlalchemy.engine.Engine:base.py:1846 [no key 0.00017s] ()
INFO     sqlalchemy.engine.Engine:base.py:1846 
DROP TABLE users
INFO     sqlalchemy.engine.Engine:base.py:1846 [no key 0.00018s] ()
INFO     sqlalchemy.engine.Engine:base.py:2716 COMMIT
_____________________________ test_login_failure ______________________________
tests\test_integration.py:35: in test_login_failure
    assert response.status_code == 401
E   assert 500 == 401
E    +  where 500 = <Response [500 Internal Server Error]>.status_code
---------------------------- Captured stderr setup ----------------------------
INFO:sqlalchemy.engine.Engine:BEGIN (implicit)
INFO:sqlalchemy.engine.Engine:PRAGMA main.table_info("users")
INFO:sqlalchemy.engine.Engine:[raw sql] ()
DEBUG:sqlalchemy.engine.Engine:Col ('cid', 'name', 'type', 'notnull', 'dflt_value', 'pk')
INFO:sqlalchemy.engine.Engine:PRAGMA temp.table_info("users")
INFO:sqlalchemy.engine.Engine:[raw sql] ()
DEBUG:sqlalchemy.engine.Engine:Col ('cid', 'name', 'type', 'notnull', 'dflt_value', 'pk')
INFO:sqlalchemy.engine.Engine:PRAGMA main.table_info("posts")
INFO:sqlalchemy.engine.Engine:[raw sql] ()
DEBUG:sqlalchemy.engine.Engine:Col ('cid', 'name', 'type', 'notnull', 'dflt_value', 'pk')
INFO:sqlalchemy.engine.Engine:PRAGMA temp.table_info("posts")
INFO:sqlalchemy.engine.Engine:[raw sql] ()
DEBUG:sqlalchemy.engine.Engine:Col ('cid', 'name', 'type', 'notnull', 'dflt_value', 'pk')
INFO:sqlalchemy.engine.Engine:PRAGMA main.table_info("comments")
INFO:sqlalchemy.engine.Engine:[raw sql] ()
DEBUG:sqlalchemy.engine.Engine:Col ('cid', 'name', 'type', 'notnull', 'dflt_value', 'pk')
INFO:sqlalchemy.engine.Engine:PRAGMA temp.table_info("comments")
INFO:sqlalchemy.engine.Engine:[raw sql] ()
DEBUG:sqlalchemy.engine.Engine:Col ('cid', 'name', 'type', 'notnull', 'dflt_value', 'pk')
INFO:sqlalchemy.engine.Engine:PRAGMA main.table_info("password_reset_tokens")
INFO:sqlalchemy.engine.Engine:[raw sql] ()
DEBUG:sqlalchemy.engine.Engine:Col ('cid', 'name', 'type', 'notnull', 'dflt_value', 'pk')
INFO:sqlalchemy.engine.Engine:PRAGMA temp.table_info("password_reset_tokens")
INFO:sqlalchemy.engine.Engine:[raw sql] ()
DEBUG:sqlalchemy.engine.Engine:Col ('cid', 'name', 'type', 'notnull', 'dflt_value', 'pk')
INFO:sqlalchemy.engine.Engine:
CREATE TABLE users (
	id INTEGER NOT NULL, 
	username VARCHAR(50) NOT NULL, 
	email VARCHAR(120) NOT NULL, 
	password_hash VARCHAR(200) NOT NULL, 
	image_file VARCHAR(200), 
	PRIMARY KEY (id), 
	UNIQUE (username), 
	UNIQUE (email)
)


INFO:sqlalchemy.engine.Engine:[no key 0.00010s] ()
INFO:sqlalchemy.engine.Engine:CREATE INDEX ix_users_id ON users (id)
INFO:sqlalchemy.engine.Engine:[no key 0.00018s] ()
INFO:sqlalchemy.engine.Engine:
CREATE TABLE posts (
	id INTEGER NOT NULL, 
	title VARCHAR(100) NOT NULL, 
	content TEXT NOT NULL, 
	user_id INTEGER NOT NULL, 
	date_posted DATETIME NOT NULL, 
	likes INTEGER DEFAULT '0' NOT NULL, 
	upvotes INTEGER DEFAULT '0' NOT NULL, 
	downvotes INTEGER DEFAULT '0' NOT NULL, 
	media_paths JSON DEFAULT '[]' NOT NULL, 
	PRIMARY KEY (id), 
	FOREIGN KEY(user_id) REFERENCES users (id)
)


INFO:sqlalchemy.engine.Engine:[no key 0.00018s] ()
INFO:sqlalchemy.engine.Engine:CREATE INDEX ix_posts_user_id ON posts (user_id)
INFO:sqlalchemy.engine.Engine:[no key 0.00019s] ()
INFO:sqlalchemy.engine.Engine:CREATE INDEX ix_posts_id ON posts (id)
INFO:sqlalchemy.engine.Engine:[no key 0.00028s] ()
INFO:sqlalchemy.engine.Engine:
CREATE TABLE password_reset_tokens (
	id INTEGER NOT NULL, 
	user_id INTEGER NOT NULL, 
	token_hash VARCHAR(64) NOT NULL, 
	expires_at DATETIME NOT NULL, 
	created_at DATETIME NOT NULL, 
	PRIMARY KEY (id), 
	FOREIGN KEY(user_id) REFERENCES users (id), 
	UNIQUE (token_hash)
)


INFO:sqlalchemy.engine.Engine:[no key 0.00016s] ()
INFO:sqlalchemy.engine.Engine:CREATE INDEX ix_password_reset_tokens_id ON password_reset_tokens (id)
INFO:sqlalchemy.engine.Engine:[no key 0.00027s] ()
INFO:sqlalchemy.engine.Engine:
CREATE TABLE comments (
	id INTEGER NOT NULL, 
	content TEXT NOT NULL, 
	date_posted DATETIME NOT NULL, 
	post_id INTEGER NOT NULL, 
	user_id INTEGER NOT NULL, 
	parent_id INTEGER, 
	PRIMARY KEY (id), 
	FOREIGN KEY(post_id) REFERENCES posts (id) ON DELETE CASCADE, 
	FOREIGN KEY(user_id) REFERENCES users (id) ON DELETE CASCADE, 
	FOREIGN KEY(parent_id) REFERENCES comments (id) ON DELETE CASCADE
)


INFO:sqlalchemy.engine.Engine:[no key 0.00020s] ()
INFO:sqlalchemy.engine.Engine:CREATE INDEX ix_comments_parent_id ON comments (parent_id)
INFO:sqlalchemy.engine.Engine:[no key 0.00017s] ()
INFO:sqlalchemy.engine.Engine:CREATE INDEX ix_comments_id ON comments (id)
INFO:sqlalchemy.engine.Engine:[no key 0.00017s] ()
INFO:sqlalchemy.engine.Engine:CREATE INDEX ix_comments_post_id ON comments (post_id)
INFO:sqlalchemy.engine.Engine:[no key 0.00017s] ()
INFO:sqlalchemy.engine.Engine:COMMIT
----------------------------- Captured log setup ------------------------------
INFO     sqlalchemy.engine.Engine:base.py:2710 BEGIN (implicit)
INFO     sqlalchemy.engine.Engine:base.py:1846 PRAGMA main.table_info("users")
INFO     sqlalchemy.engine.Engine:base.py:1846 [raw sql] ()
DEBUG    sqlalchemy.engine.Engine:cursor.py:1549 Col ('cid', 'name', 'type', 'notnull', 'dflt_value', 'pk')
INFO     sqlalchemy.engine.Engine:base.py:1846 PRAGMA temp.table_info("users")
INFO     sqlalchemy.engine.Engine:base.py:1846 [raw sql] ()
DEBUG    sqlalchemy.engine.Engine:cursor.py:1549 Col ('cid', 'name', 'type', 'notnull', 'dflt_value', 'pk')
INFO     sqlalchemy.engine.Engine:base.py:1846 PRAGMA main.table_info("posts")
INFO     sqlalchemy.engine.Engine:base.py:1846 [raw sql] ()
DEBUG    sqlalchemy.engine.Engine:cursor.py:1549 Col ('cid', 'name', 'type', 'notnull', 'dflt_value', 'pk')
INFO     sqlalchemy.engine.Engine:base.py:1846 PRAGMA temp.table_info("posts")
INFO     sqlalchemy.engine.Engine:base.py:1846 [raw sql] ()
DEBUG    sqlalchemy.engine.Engine:cursor.py:1549 Col ('cid', 'name', 'type', 'notnull', 'dflt_value', 'pk')
INFO     sqlalchemy.engine.Engine:base.py:1846 PRAGMA main.table_info("comments")
INFO     sqlalchemy.engine.Engine:base.py:1846 [raw sql] ()
DEBUG    sqlalchemy.engine.Engine:cursor.py:1549 Col ('cid', 'name', 'type', 'notnull', 'dflt_value', 'pk')
INFO     sqlalchemy.engine.Engine:base.py:1846 PRAGMA temp.table_info("comments")
INFO     sqlalchemy.engine.Engine:base.py:1846 [raw sql] ()
DEBUG    sqlalchemy.engine.Engine:cursor.py:1549 Col ('cid', 'name', 'type', 'notnull', 'dflt_value', 'pk')
INFO     sqlalchemy.engine.Engine:base.py:1846 PRAGMA main.table_info("password_reset_tokens")
INFO     sqlalchemy.engine.Engine:base.py:1846 [raw sql] ()
DEBUG    sqlalchemy.engine.Engine:cursor.py:1549 Col ('cid', 'name', 'type', 'notnull', 'dflt_value', 'pk')
INFO     sqlalchemy.engine.Engine:base.py:1846 PRAGMA temp.table_info("password_reset_tokens")
INFO     sqlalchemy.engine.Engine:base.py:1846 [raw sql] ()
DEBUG    sqlalchemy.engine.Engine:cursor.py:1549 Col ('cid', 'name', 'type', 'notnull', 'dflt_value', 'pk')
INFO     sqlalchemy.engine.Engine:base.py:1846 
CREATE TABLE users (
	id INTEGER NOT NULL, 
	username VARCHAR(50) NOT NULL, 
	email VARCHAR(120) NOT NULL, 
	password_hash VARCHAR(200) NOT NULL, 
	image_file VARCHAR(200), 
	PRIMARY KEY (id), 
	UNIQUE (username), 
	UNIQUE (email)
)


INFO     sqlalchemy.engine.Engine:base.py:1846 [no key 0.00010s] ()
INFO     sqlalchemy.engine.Engine:base.py:1846 CREATE INDEX ix_users_id ON users (id)
INFO     sqlalchemy.engine.Engine:base.py:1846 [no key 0.00018s] ()
INFO     sqlalchemy.engine.Engine:base.py:1846 
CREATE TABLE posts (
	id INTEGER NOT NULL, 
	title VARCHAR(100) NOT NULL, 
	content TEXT NOT NULL, 
	user_id INTEGER NOT NULL, 
	date_posted DATETIME NOT NULL, 
	likes INTEGER DEFAULT '0' NOT NULL, 
	upvotes INTEGER DEFAULT '0' NOT NULL, 
	downvotes INTEGER DEFAULT '0' NOT NULL, 
	media_paths JSON DEFAULT '[]' NOT NULL, 
	PRIMARY KEY (id), 
	FOREIGN KEY(user_id) REFERENCES users (id)
)


INFO     sqlalchemy.engine.Engine:base.py:1846 [no key 0.00018s] ()
INFO     sqlalchemy.engine.Engine:base.py:1846 CREATE INDEX ix_posts_user_id ON posts (user_id)
INFO     sqlalchemy.engine.Engine:base.py:1846 [no key 0.00019s] ()
INFO     sqlalchemy.engine.Engine:base.py:1846 CREATE INDEX ix_posts_id ON posts (id)
INFO     sqlalchemy.engine.Engine:base.py:1846 [no key 0.00028s] ()
INFO     sqlalchemy.engine.Engine:base.py:1846 
CREATE TABLE password_reset_tokens (
	id INTEGER NOT NULL, 
	user_id INTEGER NOT NULL, 
	token_hash VARCHAR(64) NOT NULL, 
	expires_at DATETIME NOT NULL, 
	created_at DATETIME NOT NULL, 
	PRIMARY KEY (id), 
	FOREIGN KEY(user_id) REFERENCES users (id), 
	UNIQUE (token_hash)
)


INFO     sqlalchemy.engine.Engine:base.py:1846 [no key 0.00016s] ()
INFO     sqlalchemy.engine.Engine:base.py:1846 CREATE INDEX ix_password_reset_tokens_id ON password_reset_tokens (id)
INFO     sqlalchemy.engine.Engine:base.py:1846 [no key 0.00027s] ()
INFO     sqlalchemy.engine.Engine:base.py:1846 
CREATE TABLE comments (
	id INTEGER NOT NULL, 
	content TEXT NOT NULL, 
	date_posted DATETIME NOT NULL, 
	post_id INTEGER NOT NULL, 
	user_id INTEGER NOT NULL, 
	parent_id INTEGER, 
	PRIMARY KEY (id), 
	FOREIGN KEY(post_id) REFERENCES posts (id) ON DELETE CASCADE, 
	FOREIGN KEY(user_id) REFERENCES users (id) ON DELETE CASCADE, 
	FOREIGN KEY(parent_id) REFERENCES comments (id) ON DELETE CASCADE
)


INFO     sqlalchemy.engine.Engine:base.py:1846 [no key 0.00020s] ()
INFO     sqlalchemy.engine.Engine:base.py:1846 CREATE INDEX ix_comments_parent_id ON comments (parent_id)
INFO     sqlalchemy.engine.Engine:base.py:1846 [no key 0.00017s] ()
INFO     sqlalchemy.engine.Engine:base.py:1846 CREATE INDEX ix_comments_id ON comments (id)
INFO     sqlalchemy.engine.Engine:base.py:1846 [no key 0.00017s] ()
INFO     sqlalchemy.engine.Engine:base.py:1846 CREATE INDEX ix_comments_post_id ON comments (post_id)
INFO     sqlalchemy.engine.Engine:base.py:1846 [no key 0.00017s] ()
INFO     sqlalchemy.engine.Engine:base.py:2716 COMMIT
---------------------------- Captured stdout call -----------------------------
\n--- \U0001f4a5 UNHANDLED EXCEPTION \U0001f4a5 ---\nRequest URL: /api/users/token\n---------------------------------\n
---------------------------- Captured stderr call -----------------------------
INFO:sqlalchemy.engine.Engine:BEGIN (implicit)
INFO:sqlalchemy.engine.Engine:SELECT users.id, users.username, users.email, users.password_hash, users.image_file 
FROM users 
WHERE lower(users.email) = ?
INFO:sqlalchemy.engine.Engine:[generated in 0.00024s] ('wrong@example.com',)
DEBUG:sqlalchemy.engine.Engine:Col ('id', 'username', 'email', 'password_hash', 'image_file')
Traceback (most recent call last):
  File "C:\Users\Lenovo\Desktop\Blog_Studio\main.py", line 73, in log_server_errors
    return await call_next(request)
           ^^^^^^^^^^^^^^^^^^^^^^^^
  File "C:\Users\Lenovo\Desktop\Blog_Studio\.venv\Lib\site-packages\starlette\middleware\base.py", line 168, in call_next
    raise app_exc from app_exc.__cause__ or app_exc.__context__
  File "C:\Users\Lenovo\Desktop\Blog_Studio\.venv\Lib\site-packages\starlette\middleware\base.py", line 144, in coro
    await self.app(scope, receive_or_disconnect, send_no_error)
  File "C:\Users\Lenovo\Desktop\Blog_Studio\.venv\Lib\site-packages\starlette\middleware\exceptions.py", line 63, in __call__
    await wrap_app_handling_exceptions(self.app, conn)(scope, receive, send)
  File "C:\Users\Lenovo\Desktop\Blog_Studio\.venv\Lib\site-packages\starlette\_exception_handler.py", line 53, in wrapped_app
    raise exc
  File "C:\Users\Lenovo\Desktop\Blog_Studio\.venv\Lib\site-packages\starlette\_exception_handler.py", line 42, in wrapped_app
    await app(scope, receive, sender)
  File "C:\Users\Lenovo\Desktop\Blog_Studio\.venv\Lib\site-packages\fastapi\middleware\asyncexitstack.py", line 18, in __call__
    await self.app(scope, receive, send)
  File "C:\Users\Lenovo\Desktop\Blog_Studio\.venv\Lib\site-packages\starlette\routing.py", line 660, in __call__
    await self.middleware_stack(scope, receive, send)
  File "C:\Users\Lenovo\Desktop\Blog_Studio\.venv\Lib\site-packages\starlette\routing.py", line 680, in app
    await route.handle(scope, receive, send)
  File "C:\Users\Lenovo\Desktop\Blog_Studio\.venv\Lib\site-packages\starlette\routing.py", line 276, in handle
    await self.app(scope, receive, send)
  File "C:\Users\Lenovo\Desktop\Blog_Studio\.venv\Lib\site-packages\fastapi\routing.py", line 134, in app
    await wrap_app_handling_exceptions(app, request)(scope, receive, send)
  File "C:\Users\Lenovo\Desktop\Blog_Studio\.venv\Lib\site-packages\starlette\_exception_handler.py", line 53, in wrapped_app
    raise exc
  File "C:\Users\Lenovo\Desktop\Blog_Studio\.venv\Lib\site-packages\starlette\_exception_handler.py", line 42, in wrapped_app
    await app(scope, receive, sender)
  File "C:\Users\Lenovo\Desktop\Blog_Studio\.venv\Lib\site-packages\fastapi\routing.py", line 120, in app
    response = await f(request)
               ^^^^^^^^^^^^^^^^
  File "C:\Users\Lenovo\Desktop\Blog_Studio\.venv\Lib\site-packages\fastapi\routing.py", line 674, in app
    raw_response = await run_endpoint_function(
                   ^^^^^^^^^^^^^^^^^^^^^^^^^^^^
    ...<3 lines>...
    )
    ^
  File "C:\Users\Lenovo\Desktop\Blog_Studio\.venv\Lib\site-packages\fastapi\routing.py", line 328, in run_endpoint_function
    return await dependant.call(**values)
           ^^^^^^^^^^^^^^^^^^^^^^^^^^^^^^
  File "C:\Users\Lenovo\Desktop\Blog_Studio\routers\users.py", line 111, in login_for_access_token
    result = await db.execute(
             ^^^^^^^^^^^^^^^^^
    ...<3 lines>...
    )
    ^
TypeError: object ChunkedIteratorResult can't be used in 'await' expression
INFO:httpx:HTTP Request: POST http://testserver/api/users/token "HTTP/1.1 500 Internal Server Error"
------------------------------ Captured log call ------------------------------
INFO     sqlalchemy.engine.Engine:base.py:2710 BEGIN (implicit)
INFO     sqlalchemy.engine.Engine:base.py:1846 SELECT users.id, users.username, users.email, users.password_hash, users.image_file 
FROM users 
WHERE lower(users.email) = ?
INFO     sqlalchemy.engine.Engine:base.py:1846 [generated in 0.00024s] ('wrong@example.com',)
DEBUG    sqlalchemy.engine.Engine:cursor.py:1549 Col ('id', 'username', 'email', 'password_hash', 'image_file')
INFO     httpx:_client.py:1025 HTTP Request: POST http://testserver/api/users/token "HTTP/1.1 500 Internal Server Error"
-------------------------- Captured stderr teardown ---------------------------
INFO:sqlalchemy.engine.Engine:ROLLBACK
INFO:sqlalchemy.engine.Engine:BEGIN (implicit)
INFO:sqlalchemy.engine.Engine:PRAGMA main.table_info("users")
INFO:sqlalchemy.engine.Engine:[raw sql] ()
DEBUG:sqlalchemy.engine.Engine:Col ('cid', 'name', 'type', 'notnull', 'dflt_value', 'pk')
DEBUG:sqlalchemy.engine.Engine:Row (0, 'id', 'INTEGER', 1, None, 1)
DEBUG:sqlalchemy.engine.Engine:Row (1, 'username', 'VARCHAR(50)', 1, None, 0)
DEBUG:sqlalchemy.engine.Engine:Row (2, 'email', 'VARCHAR(120)', 1, None, 0)
DEBUG:sqlalchemy.engine.Engine:Row (3, 'password_hash', 'VARCHAR(200)', 1, None, 0)
DEBUG:sqlalchemy.engine.Engine:Row (4, 'image_file', 'VARCHAR(200)', 0, None, 0)
INFO:sqlalchemy.engine.Engine:PRAGMA main.table_info("posts")
INFO:sqlalchemy.engine.Engine:[raw sql] ()
DEBUG:sqlalchemy.engine.Engine:Col ('cid', 'name', 'type', 'notnull', 'dflt_value', 'pk')
DEBUG:sqlalchemy.engine.Engine:Row (0, 'id', 'INTEGER', 1, None, 1)
DEBUG:sqlalchemy.engine.Engine:Row (1, 'title', 'VARCHAR(100)', 1, None, 0)
DEBUG:sqlalchemy.engine.Engine:Row (2, 'content', 'TEXT', 1, None, 0)
DEBUG:sqlalchemy.engine.Engine:Row (3, 'user_id', 'INTEGER', 1, None, 0)
DEBUG:sqlalchemy.engine.Engine:Row (4, 'date_posted', 'DATETIME', 1, None, 0)
DEBUG:sqlalchemy.engine.Engine:Row (5, 'likes', 'INTEGER', 1, "'0'", 0)
DEBUG:sqlalchemy.engine.Engine:Row (6, 'upvotes', 'INTEGER', 1, "'0'", 0)
DEBUG:sqlalchemy.engine.Engine:Row (7, 'downvotes', 'INTEGER', 1, "'0'", 0)
DEBUG:sqlalchemy.engine.Engine:Row (8, 'media_paths', 'JSON', 1, "'[]'", 0)
INFO:sqlalchemy.engine.Engine:PRAGMA main.table_info("comments")
INFO:sqlalchemy.engine.Engine:[raw sql] ()
DEBUG:sqlalchemy.engine.Engine:Col ('cid', 'name', 'type', 'notnull', 'dflt_value', 'pk')
DEBUG:sqlalchemy.engine.Engine:Row (0, 'id', 'INTEGER', 1, None, 1)
DEBUG:sqlalchemy.engine.Engine:Row (1, 'content', 'TEXT', 1, None, 0)
DEBUG:sqlalchemy.engine.Engine:Row (2, 'date_posted', 'DATETIME', 1, None, 0)
DEBUG:sqlalchemy.engine.Engine:Row (3, 'post_id', 'INTEGER', 1, None, 0)
DEBUG:sqlalchemy.engine.Engine:Row (4, 'user_id', 'INTEGER', 1, None, 0)
DEBUG:sqlalchemy.engine.Engine:Row (5, 'parent_id', 'INTEGER', 0, None, 0)
INFO:sqlalchemy.engine.Engine:PRAGMA main.table_info("password_reset_tokens")
INFO:sqlalchemy.engine.Engine:[raw sql] ()
DEBUG:sqlalchemy.engine.Engine:Col ('cid', 'name', 'type', 'notnull', 'dflt_value', 'pk')
DEBUG:sqlalchemy.engine.Engine:Row (0, 'id', 'INTEGER', 1, None, 1)
DEBUG:sqlalchemy.engine.Engine:Row (1, 'user_id', 'INTEGER', 1, None, 0)
DEBUG:sqlalchemy.engine.Engine:Row (2, 'token_hash', 'VARCHAR(64)', 1, None, 0)
DEBUG:sqlalchemy.engine.Engine:Row (3, 'expires_at', 'DATETIME', 1, None, 0)
DEBUG:sqlalchemy.engine.Engine:Row (4, 'created_at', 'DATETIME', 1, None, 0)
INFO:sqlalchemy.engine.Engine:
DROP TABLE comments
INFO:sqlalchemy.engine.Engine:[no key 0.00009s] ()
INFO:sqlalchemy.engine.Engine:
DROP TABLE password_reset_tokens
INFO:sqlalchemy.engine.Engine:[no key 0.00019s] ()
INFO:sqlalchemy.engine.Engine:
DROP TABLE posts
INFO:sqlalchemy.engine.Engine:[no key 0.00029s] ()
INFO:sqlalchemy.engine.Engine:
DROP TABLE users
INFO:sqlalchemy.engine.Engine:[no key 0.00027s] ()
INFO:sqlalchemy.engine.Engine:COMMIT
---------------------------- Captured log teardown ----------------------------
INFO     sqlalchemy.engine.Engine:base.py:2713 ROLLBACK
INFO     sqlalchemy.engine.Engine:base.py:2710 BEGIN (implicit)
INFO     sqlalchemy.engine.Engine:base.py:1846 PRAGMA main.table_info("users")
INFO     sqlalchemy.engine.Engine:base.py:1846 [raw sql] ()
DEBUG    sqlalchemy.engine.Engine:cursor.py:1549 Col ('cid', 'name', 'type', 'notnull', 'dflt_value', 'pk')
DEBUG    sqlalchemy.engine.Engine:cursor.py:1581 Row (0, 'id', 'INTEGER', 1, None, 1)
DEBUG    sqlalchemy.engine.Engine:cursor.py:1581 Row (1, 'username', 'VARCHAR(50)', 1, None, 0)
DEBUG    sqlalchemy.engine.Engine:cursor.py:1581 Row (2, 'email', 'VARCHAR(120)', 1, None, 0)
DEBUG    sqlalchemy.engine.Engine:cursor.py:1581 Row (3, 'password_hash', 'VARCHAR(200)', 1, None, 0)
DEBUG    sqlalchemy.engine.Engine:cursor.py:1581 Row (4, 'image_file', 'VARCHAR(200)', 0, None, 0)
INFO     sqlalchemy.engine.Engine:base.py:1846 PRAGMA main.table_info("posts")
INFO     sqlalchemy.engine.Engine:base.py:1846 [raw sql] ()
DEBUG    sqlalchemy.engine.Engine:cursor.py:1549 Col ('cid', 'name', 'type', 'notnull', 'dflt_value', 'pk')
DEBUG    sqlalchemy.engine.Engine:cursor.py:1581 Row (0, 'id', 'INTEGER', 1, None, 1)
DEBUG    sqlalchemy.engine.Engine:cursor.py:1581 Row (1, 'title', 'VARCHAR(100)', 1, None, 0)
DEBUG    sqlalchemy.engine.Engine:cursor.py:1581 Row (2, 'content', 'TEXT', 1, None, 0)
DEBUG    sqlalchemy.engine.Engine:cursor.py:1581 Row (3, 'user_id', 'INTEGER', 1, None, 0)
DEBUG    sqlalchemy.engine.Engine:cursor.py:1581 Row (4, 'date_posted', 'DATETIME', 1, None, 0)
DEBUG    sqlalchemy.engine.Engine:cursor.py:1581 Row (5, 'likes', 'INTEGER', 1, "'0'", 0)
DEBUG    sqlalchemy.engine.Engine:cursor.py:1581 Row (6, 'upvotes', 'INTEGER', 1, "'0'", 0)
DEBUG    sqlalchemy.engine.Engine:cursor.py:1581 Row (7, 'downvotes', 'INTEGER', 1, "'0'", 0)
DEBUG    sqlalchemy.engine.Engine:cursor.py:1581 Row (8, 'media_paths', 'JSON', 1, "'[]'", 0)
INFO     sqlalchemy.engine.Engine:base.py:1846 PRAGMA main.table_info("comments")
INFO     sqlalchemy.engine.Engine:base.py:1846 [raw sql] ()
DEBUG    sqlalchemy.engine.Engine:cursor.py:1549 Col ('cid', 'name', 'type', 'notnull', 'dflt_value', 'pk')
DEBUG    sqlalchemy.engine.Engine:cursor.py:1581 Row (0, 'id', 'INTEGER', 1, None, 1)
DEBUG    sqlalchemy.engine.Engine:cursor.py:1581 Row (1, 'content', 'TEXT', 1, None, 0)
DEBUG    sqlalchemy.engine.Engine:cursor.py:1581 Row (2, 'date_posted', 'DATETIME', 1, None, 0)
DEBUG    sqlalchemy.engine.Engine:cursor.py:1581 Row (3, 'post_id', 'INTEGER', 1, None, 0)
DEBUG    sqlalchemy.engine.Engine:cursor.py:1581 Row (4, 'user_id', 'INTEGER', 1, None, 0)
DEBUG    sqlalchemy.engine.Engine:cursor.py:1581 Row (5, 'parent_id', 'INTEGER', 0, None, 0)
INFO     sqlalchemy.engine.Engine:base.py:1846 PRAGMA main.table_info("password_reset_tokens")
INFO     sqlalchemy.engine.Engine:base.py:1846 [raw sql] ()
DEBUG    sqlalchemy.engine.Engine:cursor.py:1549 Col ('cid', 'name', 'type', 'notnull', 'dflt_value', 'pk')
DEBUG    sqlalchemy.engine.Engine:cursor.py:1581 Row (0, 'id', 'INTEGER', 1, None, 1)
DEBUG    sqlalchemy.engine.Engine:cursor.py:1581 Row (1, 'user_id', 'INTEGER', 1, None, 0)
DEBUG    sqlalchemy.engine.Engine:cursor.py:1581 Row (2, 'token_hash', 'VARCHAR(64)', 1, None, 0)
DEBUG    sqlalchemy.engine.Engine:cursor.py:1581 Row (3, 'expires_at', 'DATETIME', 1, None, 0)
DEBUG    sqlalchemy.engine.Engine:cursor.py:1581 Row (4, 'created_at', 'DATETIME', 1, None, 0)
INFO     sqlalchemy.engine.Engine:base.py:1846 
DROP TABLE comments
INFO     sqlalchemy.engine.Engine:base.py:1846 [no key 0.00009s] ()
INFO     sqlalchemy.engine.Engine:base.py:1846 
DROP TABLE password_reset_tokens
INFO     sqlalchemy.engine.Engine:base.py:1846 [no key 0.00019s] ()
INFO     sqlalchemy.engine.Engine:base.py:1846 
DROP TABLE posts
INFO     sqlalchemy.engine.Engine:base.py:1846 [no key 0.00029s] ()
INFO     sqlalchemy.engine.Engine:base.py:1846 
DROP TABLE users
INFO     sqlalchemy.engine.Engine:base.py:1846 [no key 0.00027s] ()
INFO     sqlalchemy.engine.Engine:base.py:2716 COMMIT
=========================== short test summary info ===========================
FAILED tests/test_integration.py::test_homepage_renders - assert 500 == 200
FAILED tests/test_integration.py::test_login_failure - assert 500 == 401
ERROR tests/test_integration.py::test_login_success - TypeError: 'hashed_pass...
==================== 2 failed, 2 passed, 1 error in 1.22s =====================
